Building DAG of jobs...
Using shell: /bin/bash
Provided cores: 1 (use --cores to define parallelism)
Rules claiming more threads will be scaled down.
Job stats:
job          count    min threads    max threads
---------  -------  -------------  -------------
transform        1              1              1
total            1              1              1

Select jobs to execute...

[Sun Jan 22 16:01:20 2023]
rule transform:
    input: cleanData/data.csv
    output: intermediates/data/obeseProbData1.csv, intermediates/data/obeseMaleProbData1.csv, intermediates/data/obeseFemaleProbData1.csv
    jobid: 0
    reason: Missing output files: intermediates/data/obeseFemaleProbData1.csv, intermediates/data/obeseMaleProbData1.csv, intermediates/data/obeseProbData1.csv
    resources: tmpdir=/var/folders/wx/8grjv4493rb1qn4wzt3kb8040000gn/T

[Sun Jan 22 16:01:21 2023]
Finished job 0.
1 of 1 steps (100%) done
Complete log: .snakemake/log/2023-01-22T160120.509065.snakemake.log
