Building DAG of jobs...
Using shell: /bin/bash
Provided cores: 1 (use --cores to define parallelism)
Rules claiming more threads will be scaled down.
Job stats:
job                       count    min threads    max threads
----------------------  -------  -------------  -------------
all                           1              1              1
plot_hypertension             1              1              1
plot_obesity                  1              1              1
transform_hypertension        1              1              1
transform_obesity             1              1              1
total                         5              1              1

Select jobs to execute...

[Mon Jan 23 21:24:24 2023]
rule transform_obesity:
    input: cleanData/obesityData.csv
    output: intermediates/data/obesityTransformedData.csv, intermediates/data/obeseProbData.csv, intermediates/data/obeseMaleProbData.csv, intermediates/data/obeseFemaleProbData.csv
    jobid: 2
    reason: Set of input files has changed since last execution
    resources: tmpdir=/var/folders/wx/8grjv4493rb1qn4wzt3kb8040000gn/T

[Mon Jan 23 21:24:24 2023]
Finished job 2.
1 of 5 steps (20%) done
Select jobs to execute...

[Mon Jan 23 21:24:24 2023]
rule transform_hypertension:
    input: cleanData/hypertensionData.csv
    output: intermediates/data/hypertensionTransformedData.csv, intermediates/data/hypertensionProbData.csv, intermediates/data/hypertensionMaleProbData.csv, intermediates/data/hypertensionFemaleProbData.csv
    jobid: 5
    reason: Set of input files has changed since last execution
    resources: tmpdir=/var/folders/wx/8grjv4493rb1qn4wzt3kb8040000gn/T

[Mon Jan 23 21:24:25 2023]
Finished job 5.
2 of 5 steps (40%) done
Select jobs to execute...

[Mon Jan 23 21:24:25 2023]
rule plot_hypertension:
    input: intermediates/data/hypertensionProbData.csv, intermediates/data/hypertensionMaleProbData.csv, intermediates/data/hypertensionFemaleProbData.csv
    output: results/hypertension_results/fig-all.png, results/hypertension_results/fig-male.png, results/hypertension_results/fig-female.png, results/hypertension_results/fig-both.png
    jobid: 4
    reason: Input files updated by another job: intermediates/data/hypertensionMaleProbData.csv, intermediates/data/hypertensionFemaleProbData.csv, intermediates/data/hypertensionProbData.csv
    resources: tmpdir=/var/folders/wx/8grjv4493rb1qn4wzt3kb8040000gn/T

[Mon Jan 23 21:24:31 2023]
Finished job 4.
3 of 5 steps (60%) done
Select jobs to execute...

[Mon Jan 23 21:24:31 2023]
rule plot_obesity:
    input: intermediates/data/obeseProbData.csv, intermediates/data/obeseMaleProbData.csv, intermediates/data/obeseFemaleProbData.csv
    output: results/obesity_results/fig-all.png, results/obesity_results/fig-male.png, results/obesity_results/fig-female.png, results/obesity_results/fig-both.png
    jobid: 1
    reason: Input files updated by another job: intermediates/data/obeseMaleProbData.csv, intermediates/data/obeseProbData.csv, intermediates/data/obeseFemaleProbData.csv
    resources: tmpdir=/var/folders/wx/8grjv4493rb1qn4wzt3kb8040000gn/T

[Mon Jan 23 21:24:33 2023]
Finished job 1.
4 of 5 steps (80%) done
Select jobs to execute...

[Mon Jan 23 21:24:33 2023]
localrule all:
    input: results/obesity_results/fig-both.png, results/hypertension_results/fig-both.png
    jobid: 0
    reason: Input files updated by another job: results/obesity_results/fig-both.png, results/hypertension_results/fig-both.png
    resources: tmpdir=/var/folders/wx/8grjv4493rb1qn4wzt3kb8040000gn/T

[Mon Jan 23 21:24:33 2023]
Finished job 0.
5 of 5 steps (100%) done
Complete log: .snakemake/log/2023-01-23T212423.494377.snakemake.log
