Building DAG of jobs...
Using shell: /bin/bash
Provided cores: 1 (use --cores to define parallelism)
Rules claiming more threads will be scaled down.
Job stats:
job                           count    min threads    max threads
--------------------------  -------  -------------  -------------
all                               1              1              1
clean_up_data_hypertension        1              1              1
plot_hypertension                 1              1              1
plot_obesity                      1              1              1
transform_hypertension            1              1              1
total                             5              1              1

Select jobs to execute...

[Mon Jan 23 17:19:42 2023]
rule clean_up_data_hypertension:
    input: rawData/BPX_D.csv, rawData/DEMO_D.csv
    output: cleanDatas/hypertensionData.csv
    jobid: 6
    reason: Missing output files: cleanDatas/hypertensionData.csv
    resources: tmpdir=/var/folders/wx/8grjv4493rb1qn4wzt3kb8040000gn/T

[Mon Jan 23 17:19:43 2023]
Finished job 6.
1 of 5 steps (20%) done
Select jobs to execute...

[Mon Jan 23 17:19:43 2023]
rule transform_hypertension:
    input: cleanDatas/hypertensionData.csv
    output: intermediates/data/hypertensionTransformedData.csv, intermediates/data/hypertensionProbData.csv, intermediates/data/hypertensionMaleProbData.csv, intermediates/data/hypertensionFemaleProbData.csv
    jobid: 5
    reason: Missing output files: intermediates/data/hypertensionFemaleProbData.csv, intermediates/data/hypertensionProbData.csv, intermediates/data/hypertensionMaleProbData.csv; Input files updated by another job: cleanDatas/hypertensionData.csv
    resources: tmpdir=/var/folders/wx/8grjv4493rb1qn4wzt3kb8040000gn/T

[Mon Jan 23 17:19:43 2023]
Finished job 5.
2 of 5 steps (40%) done
Select jobs to execute...

[Mon Jan 23 17:19:43 2023]
rule plot_hypertension:
    input: intermediates/data/hypertensionProbData.csv, intermediates/data/hypertensionMaleProbData.csv, intermediates/data/hypertensionFemaleProbData.csv
    output: results/hypertension_results/fig-all.png, results/hypertension_results/fig-male.png, results/hypertension_results/fig-female.png, results/hypertension_results/fig-both.png
    jobid: 4
    reason: Missing output files: results/hypertension_results/fig-both.png; Input files updated by another job: intermediates/data/hypertensionFemaleProbData.csv, intermediates/data/hypertensionProbData.csv, intermediates/data/hypertensionMaleProbData.csv
    resources: tmpdir=/var/folders/wx/8grjv4493rb1qn4wzt3kb8040000gn/T

[Mon Jan 23 17:19:52 2023]
Finished job 4.
3 of 5 steps (60%) done
Select jobs to execute...

[Mon Jan 23 17:19:52 2023]
rule plot_obesity:
    input: intermediates/data/obeseProbData.csv, intermediates/data/obeseMaleProbData.csv, intermediates/data/obeseFemaleProbData.csv
    output: results/obesity_results/fig-all.png, results/obesity_results/fig-male.png, results/obesity_results/fig-female.png, results/obesity_results/fig-both.png
    jobid: 1
    reason: Missing output files: results/obesity_results/fig-both.png
    resources: tmpdir=/var/folders/wx/8grjv4493rb1qn4wzt3kb8040000gn/T

[Mon Jan 23 17:19:54 2023]
Finished job 1.
4 of 5 steps (80%) done
Select jobs to execute...

[Mon Jan 23 17:19:54 2023]
localrule all:
    input: results/obesity_results/fig-both.png, results/hypertension_results/fig-both.png
    jobid: 0
    reason: Input files updated by another job: results/hypertension_results/fig-both.png, results/obesity_results/fig-both.png
    resources: tmpdir=/var/folders/wx/8grjv4493rb1qn4wzt3kb8040000gn/T

[Mon Jan 23 17:19:54 2023]
Finished job 0.
5 of 5 steps (100%) done
Complete log: .snakemake/log/2023-01-23T171941.751216.snakemake.log
