Building DAG of jobs...
Using shell: /bin/bash
Provided cores: 1 (use --cores to define parallelism)
Rules claiming more threads will be scaled down.
Job stats:
job              count    min threads    max threads
-------------  -------  -------------  -------------
shiny_web_app        1              1              1
total                1              1              1

Select jobs to execute...

[Tue Jan 24 19:13:05 2023]
rule shiny_web_app:
    input: intermediates/data/obeseProbData.csv, intermediates/data/obeseMaleProbData.csv, intermediates/data/obeseFemaleProbData.csv, intermediates/data/hypertensionTransformedData.csv, intermediates/data/hypertensionProbData.csv, intermediates/data/hypertensionMaleProbData.csv, intermediates/data/hypertensionFemaleProbData.csv, intermediates/data/obesityTransformedData.csv
    jobid: 0
    reason: Rules with a run or shell declaration but no output are always executed.
    resources: tmpdir=/var/folders/wx/8grjv4493rb1qn4wzt3kb8040000gn/T

[Tue Jan 24 19:13:05 2023]
Error in rule shiny_web_app:
    jobid: 0
    input: intermediates/data/obeseProbData.csv, intermediates/data/obeseMaleProbData.csv, intermediates/data/obeseFemaleProbData.csv, intermediates/data/hypertensionTransformedData.csv, intermediates/data/hypertensionProbData.csv, intermediates/data/hypertensionMaleProbData.csv, intermediates/data/hypertensionFemaleProbData.csv, intermediates/data/obesityTransformedData.csv
    shell:
        
    Rscript start_shinyApp.R
    
        (one of the commands exited with non-zero exit code; note that snakemake uses bash strict mode!)

Shutting down, this might take some time.
Exiting because a job execution failed. Look above for error message
Complete log: .snakemake/log/2023-01-24T191305.591583.snakemake.log
