Building DAG of jobs...
Using shell: /bin/bash
Provided cores: 1 (use --cores to define parallelism)
Rules claiming more threads will be scaled down.
Job stats:
job          count    min threads    max threads
---------  -------  -------------  -------------
transform        1              1              1
total            1              1              1

Select jobs to execute...

[Sun Jan 22 15:57:35 2023]
rule transform:
    input: cleanData/data.csv
    output: intermediates/data/obeseProbData1.csvintermediates/data/obeseMaleProbData1.csvintermediates/data/obeseFemaleProbData1.csv
    jobid: 0
    reason: Missing output files: intermediates/data/obeseProbData1.csvintermediates/data/obeseMaleProbData1.csvintermediates/data/obeseFemaleProbData1.csv
    resources: tmpdir=/var/folders/wx/8grjv4493rb1qn4wzt3kb8040000gn/T

[Sun Jan 22 15:57:36 2023]
Error in rule transform:
    jobid: 0
    input: cleanData/data.csv
    output: intermediates/data/obeseProbData1.csvintermediates/data/obeseMaleProbData1.csvintermediates/data/obeseFemaleProbData1.csv
    shell:
        
    mkdir -p intermediates/data
    Rscript dataVisualizationBMI.R
    
        (one of the commands exited with non-zero exit code; note that snakemake uses bash strict mode!)

Shutting down, this might take some time.
Exiting because a job execution failed. Look above for error message
Complete log: .snakemake/log/2023-01-22T155735.698252.snakemake.log
