Building DAG of jobs...
Using shell: /bin/bash
Provided cores: 1 (use --cores to define parallelism)
Rules claiming more threads will be scaled down.
Job stats:
job              count    min threads    max threads
-------------  -------  -------------  -------------
clean_up_data        1              1              1
total                1              1              1

Select jobs to execute...

[Sat Jan 21 19:00:41 2023]
rule clean_up_data:
    input: rawData/BMX_D.csv, rawData/DEMO_D.csv
    output: cleanDatas/data.csv
    jobid: 0
    reason: Missing output files: cleanDatas/data.csv
    resources: tmpdir=/var/folders/wx/8grjv4493rb1qn4wzt3kb8040000gn/T

[Sat Jan 21 19:00:41 2023]
Error in rule clean_up_data:
    jobid: 0
    input: rawData/BMX_D.csv, rawData/DEMO_D.csv
    output: cleanDatas/data.csv
    shell:
        
    mkdir cleanDatas
    Rscript dataCleaning.R
    
        (one of the commands exited with non-zero exit code; note that snakemake uses bash strict mode!)

Shutting down, this might take some time.
Exiting because a job execution failed. Look above for error message
Complete log: .snakemake/log/2023-01-21T190040.732452.snakemake.log
